<?xml version="1.0" encoding="UTF-8"?>
<testsuite xmlns:xsi="http://www.w3.org/2001/XMLSchema-instance" xsi:noNamespaceSchemaLocation="https://maven.apache.org/surefire/maven-surefire-plugin/xsd/surefire-test-report.xsd" version="3.0.2" name="com.example.ticketsystem.service.impl.IssueServiceImplTest" time="1.994" tests="4" errors="0" skipped="0" failures="0">
  <properties>
[...]
</properties>
  <testcase name="testCreateIssue_Success" classname="com.example.ticketsystem.service.impl.IssueServiceImplTest" time="1.876">
    <system-err><![CDATA[WARNING: A Java agent has been loaded dynamically (C:\Users\sky21\.m2\repository\net\bytebuddy\byte-buddy-agent\1.14.12\byte-buddy-agent-1.14.12.jar)
WARNING: If a serviceability tool is in use, please run with -XX:+EnableDynamicAgentLoading to hide this warning
WARNING: If a serviceability tool is not in use, please run with -Djdk.instrument.traceUsage for more information
WARNING: Dynamic loading of agents will be disallowed by default in a future release
]]></system-err>
  </testcase>
  <testcase name="testCreateIssue_InvalidDateRange" classname="com.example.ticketsystem.service.impl.IssueServiceImplTest" time="0.025"/>
  <testcase name="testUpdateIssue_WorkflowViolation" classname="com.example.ticketsystem.service.impl.IssueServiceImplTest" time="0.018"/>
  <testcase name="testUpdateIssue_CreatesJournal" classname="com.example.ticketsystem.service.impl.IssueServiceImplTest" time="0.027"/>
</testsuite>